C:\USERS\LUIS\DOCUMENTS\VISUAL STUDIO 2010\PROJECTS\MATRIXPRODUCTBLOG\DEBUG\LINEARALGEBRA.DLL
C:\USERS\LUIS\DOCUMENTS\VISUAL STUDIO 2010\PROJECTS\MATRIXPRODUCTBLOG\DEBUG\LINEARALGEBRA.ILK
C:\USERS\LUIS\DOCUMENTS\VISUAL STUDIO 2010\PROJECTS\MATRIXPRODUCTBLOG\DEBUG\LINEARALGEBRA.PDB
C:\USERS\LUIS\DOCUMENTS\VISUAL STUDIO 2010\PROJECTS\MATRIXPRODUCTBLOG\LINEARALGEBRA\DEBUG\.NETFRAMEWORK,VERSION=V4.0.ASSEMBLYATTRIBUTES.OBJ
C:\Users\luis\Documents\Visual Studio 2010\Projects\MatrixProductBlog\LinearAlgebra\Debug\cl.command.1.tlog
C:\Users\luis\Documents\Visual Studio 2010\Projects\MatrixProductBlog\LinearAlgebra\Debug\CL.read.1.tlog
C:\Users\luis\Documents\Visual Studio 2010\Projects\MatrixProductBlog\LinearAlgebra\Debug\CL.write.1.tlog
C:\USERS\LUIS\DOCUMENTS\VISUAL STUDIO 2010\PROJECTS\MATRIXPRODUCTBLOG\LINEARALGEBRA\DEBUG\LINEARALGEBRA.DLL.INTERMEDIATE.MANIFEST
C:\USERS\LUIS\DOCUMENTS\VISUAL STUDIO 2010\PROJECTS\MATRIXPRODUCTBLOG\LINEARALGEBRA\DEBUG\LINEARALGEBRA.PCH
C:\Users\luis\Documents\Visual Studio 2010\Projects\MatrixProductBlog\LinearAlgebra\Debug\link.12348.read.1.tlog
C:\Users\luis\Documents\Visual Studio 2010\Projects\MatrixProductBlog\LinearAlgebra\Debug\link.12348.write.1.tlog
C:\Users\luis\Documents\Visual Studio 2010\Projects\MatrixProductBlog\LinearAlgebra\Debug\link.command.1.tlog
C:\Users\luis\Documents\Visual Studio 2010\Projects\MatrixProductBlog\LinearAlgebra\Debug\link.read.1.tlog
C:\Users\luis\Documents\Visual Studio 2010\Projects\MatrixProductBlog\LinearAlgebra\Debug\link.write.1.tlog
C:\Users\luis\Documents\Visual Studio 2010\Projects\MatrixProductBlog\LinearAlgebra\Debug\metagen.read.1.tlog
C:\Users\luis\Documents\Visual Studio 2010\Projects\MatrixProductBlog\LinearAlgebra\Debug\metagen.write.1.tlog
C:\Users\luis\Documents\Visual Studio 2010\Projects\MatrixProductBlog\LinearAlgebra\Debug\mt.command.1.tlog
C:\Users\luis\Documents\Visual Studio 2010\Projects\MatrixProductBlog\LinearAlgebra\Debug\mt.read.1.tlog
C:\Users\luis\Documents\Visual Studio 2010\Projects\MatrixProductBlog\LinearAlgebra\Debug\mt.write.1.tlog
C:\Users\luis\Documents\Visual Studio 2010\Projects\MatrixProductBlog\LinearAlgebra\Debug\RSAENH.DLL.bi
C:\USERS\LUIS\DOCUMENTS\VISUAL STUDIO 2010\PROJECTS\MATRIXPRODUCTBLOG\LINEARALGEBRA\DEBUG\STDAFX.OBJ
C:\Users\luis\Documents\Visual Studio 2010\Projects\MatrixProductBlog\LinearAlgebra\Debug\TZRES.DLL.bi
C:\USERS\LUIS\DOCUMENTS\VISUAL STUDIO 2010\PROJECTS\MATRIXPRODUCTBLOG\LINEARALGEBRA\DEBUG\VC100.PDB
