Build started 5/15/2014 5:30:10 PM.
     1>Project "C:\Users\luis\Documents\Visual Studio 2010\Projects\MatrixProductBlog\LinearAlgebra\LinearAlgebra.vcxproj" on node 2 (build target(s)).
     1>InitializeBuildStatus:
         Creating "Debug\LinearAlgebra.unsuccessfulbuild" because "AlwaysCreate" was specified.
       GenerateTargetFrameworkMonikerAttribute:
       Skipping target "GenerateTargetFrameworkMonikerAttribute" because all output files are up-to-date with respect to the input files.
       ClCompile:
         All outputs are up-to-date.
         All outputs are up-to-date.
       Link:
         All outputs are up-to-date.
         LinearAlgebra.vcxproj -> C:\Users\luis\Documents\Visual Studio 2010\Projects\MatrixProductBlog\Debug\LinearAlgebra.dll
       MetaGen:
       Skipping target "MetaGen" because all output files are up-to-date with respect to the input files.
       FinalizeBuildStatus:
         Deleting file "Debug\LinearAlgebra.unsuccessfulbuild".
         Touching "Debug\LinearAlgebra.lastbuildstate".
     1>Done Building Project "C:\Users\luis\Documents\Visual Studio 2010\Projects\MatrixProductBlog\LinearAlgebra\LinearAlgebra.vcxproj" (build target(s)).

Build succeeded.

Time Elapsed 00:00:00.18
